<?xml version="1.0" encoding="UTF-8"?>
<!-- Generated by org.testng.reporters.JUnitReportReporter -->
<testsuite skipped="0" hostname="LAPTOP-MI1ED7JS" name="test.TC005DeliverTo" tests="1" failures="0" timestamp="26 Jun 2021 05:30:30 GMT" time="16.990" errors="0">
  <testcase name="verifyDeliverToCountry" time="16.990" classname="test.TC005DeliverTo"/>
</testsuite> <!-- test.TC005DeliverTo -->
