<?xml version="1.0" encoding="UTF-8"?>
<!-- Generated by org.testng.reporters.JUnitReportReporter -->
<testsuite skipped="0" hostname="LAPTOP-MI1ED7JS" name="test.TC004AddToCart" tests="1" failures="0" timestamp="28 Jun 2021 04:53:24 GMT" time="33.422" errors="0">
  <testcase name="verifyAddToCart" time="33.422" classname="test.TC004AddToCart"/>
</testsuite> <!-- test.TC004AddToCart -->
