<?xml version="1.0" encoding="UTF-8"?>
<!-- Generated by org.testng.reporters.JUnitReportReporter -->
<testsuite skipped="0" hostname="LAPTOP-MI1ED7JS" name="test.TC005DeliverTo" tests="1" failures="0" timestamp="28 Jun 2021 04:53:24 GMT" time="16.762" errors="0">
  <testcase name="verifyDeliverToCountry" time="16.762" classname="test.TC005DeliverTo"/>
</testsuite> <!-- test.TC005DeliverTo -->
