<?xml version="1.0" encoding="UTF-8"?>
<!-- Generated by org.testng.reporters.JUnitReportReporter -->
<testsuite skipped="0" hostname="LAPTOP-MI1ED7JS" name="test.TC003FilterGiftCards" tests="1" failures="0" timestamp="28 Jun 2021 04:53:24 GMT" time="7.936" errors="0">
  <testcase name="verifyGCFilter" time="7.936" classname="test.TC003FilterGiftCards"/>
</testsuite> <!-- test.TC003FilterGiftCards -->
