<?xml version="1.0" encoding="UTF-8"?>
<!-- Generated by org.testng.reporters.JUnitReportReporter -->
<testsuite skipped="0" hostname="LAPTOP-MI1ED7JS" name="test.TC002Search" tests="1" failures="0" timestamp="24 Jun 2021 21:45:29 GMT" time="4.171" errors="0">
  <testcase name="verifySearch" time="4.171" classname="test.TC002Search"/>
</testsuite> <!-- test.TC002Search -->
