<?xml version="1.0" encoding="UTF-8"?>
<!-- Generated by org.testng.reporters.JUnitReportReporter -->
<testsuite skipped="0" hostname="LAPTOP-MI1ED7JS" name="test.TC001SignIn" tests="1" failures="0" timestamp="28 Jun 2021 04:53:24 GMT" time="24.524" errors="0">
  <testcase name="verifyLogin" time="24.524" classname="test.TC001SignIn"/>
</testsuite> <!-- test.TC001SignIn -->
