<?xml version="1.0" encoding="UTF-8"?>
<!-- Generated by org.testng.reporters.JUnitReportReporter -->
<testsuite skipped="0" hostname="LAPTOP-MI1ED7JS" name="test.TC003FilterGiftCards" tests="1" failures="0" timestamp="24 Jun 2021 21:45:29 GMT" time="7.609" errors="0">
  <testcase name="verifyGCFilter" time="7.609" classname="test.TC003FilterGiftCards"/>
</testsuite> <!-- test.TC003FilterGiftCards -->
