<?xml version="1.0" encoding="UTF-8"?>
<!-- Generated by org.testng.reporters.JUnitReportReporter -->
<testsuite skipped="0" hostname="LAPTOP-MI1ED7JS" name="test.TC005DeliverTo" tests="2" failures="0" timestamp="24 Jun 2021 21:46:50 GMT" time="20.168" errors="0">
  <testcase name="verifyDeliverToCountry" time="17.394" classname="test.TC005DeliverTo"/>
  <testcase name="verifyDeliverToPostalCode" time="2.774" classname="test.TC005DeliverTo"/>
</testsuite> <!-- test.TC005DeliverTo -->
