<?xml version="1.0" encoding="UTF-8"?>
<!-- Generated by org.testng.reporters.JUnitReportReporter -->
<testsuite skipped="0" hostname="LAPTOP-MI1ED7JS" name="test.TC001SignIn" tests="1" failures="0" timestamp="26 Jun 2021 05:30:30 GMT" time="7.281" errors="0">
  <testcase name="verifyLogin" time="7.281" classname="test.TC001SignIn"/>
</testsuite> <!-- test.TC001SignIn -->
