<?xml version="1.0" encoding="UTF-8"?>
<!-- Generated by org.testng.reporters.JUnitReportReporter -->
<testsuite skipped="0" hostname="LAPTOP-MI1ED7JS" name="test.TC001SignIn" tests="1" failures="0" timestamp="24 Jun 2021 21:45:29 GMT" time="8.914" errors="0">
  <testcase name="verifyLogin" time="8.914" classname="test.TC001SignIn"/>
</testsuite> <!-- test.TC001SignIn -->
