<?xml version="1.0" encoding="UTF-8"?>
<!-- Generated by org.testng.reporters.JUnitReportReporter -->
<testsuite skipped="0" hostname="LAPTOP-MI1ED7JS" name="test.TC004AddToCart" tests="1" failures="0" timestamp="26 Jun 2021 14:22:20 GMT" time="27.319" errors="0">
  <testcase name="verifyAddToCart" time="27.319" classname="test.TC004AddToCart"/>
</testsuite> <!-- test.TC004AddToCart -->
