<?xml version="1.0" encoding="UTF-8"?>
<!-- Generated by org.testng.reporters.JUnitReportReporter -->
<testsuite skipped="0" hostname="LAPTOP-MI1ED7JS" name="test.TC004AddToCart" tests="1" failures="0" timestamp="28 Jun 2021 05:06:58 GMT" time="18.597" errors="0">
  <testcase name="verifyAddToCart" time="18.597" classname="test.TC004AddToCart"/>
</testsuite> <!-- test.TC004AddToCart -->
