<?xml version="1.0" encoding="UTF-8"?>
<!-- Generated by org.testng.reporters.JUnitReportReporter -->
<testsuite skipped="0" hostname="LAPTOP-MI1ED7JS" name="test.TC001SignIn" tests="1" failures="0" timestamp="25 Jun 2021 21:24:55 GMT" time="6.531" errors="0">
  <testcase name="verifyLogin" time="6.531" classname="test.TC001SignIn"/>
</testsuite> <!-- test.TC001SignIn -->
