<?xml version="1.0" encoding="UTF-8"?>
<!-- Generated by org.testng.reporters.JUnitReportReporter -->
<testsuite skipped="0" hostname="LAPTOP-MI1ED7JS" name="test.TC002Search" tests="1" failures="0" timestamp="25 Jun 2021 21:24:55 GMT" time="3.765" errors="0">
  <testcase name="verifySearch" time="3.765" classname="test.TC002Search"/>
</testsuite> <!-- test.TC002Search -->
