<?xml version="1.0" encoding="UTF-8"?>
<!-- Generated by org.testng.reporters.JUnitReportReporter -->
<testsuite skipped="0" hostname="LAPTOP-MI1ED7JS" name="test.TC003FilterGiftCards" tests="1" failures="0" timestamp="26 Jun 2021 20:24:30 GMT" time="24.177" errors="0">
  <testcase name="verifyGCFilter" time="24.177" classname="test.TC003FilterGiftCards"/>
</testsuite> <!-- test.TC003FilterGiftCards -->
